Traceback (most recent call last):
  File "/opt/hostedtoolcache/Python/3.9.19/x64/lib/python3.9/site-packages/jupyter_cache/executors/utils.py", line 58, in single_nb_execution
    executenb(
  File "/opt/hostedtoolcache/Python/3.9.19/x64/lib/python3.9/site-packages/nbclient/client.py", line 1314, in execute
    return NotebookClient(nb=nb, resources=resources, km=km, **kwargs).execute()
  File "/opt/hostedtoolcache/Python/3.9.19/x64/lib/python3.9/site-packages/jupyter_core/utils/__init__.py", line 165, in wrapped
    return loop.run_until_complete(inner)
  File "/opt/hostedtoolcache/Python/3.9.19/x64/lib/python3.9/asyncio/base_events.py", line 647, in run_until_complete
    return future.result()
  File "/opt/hostedtoolcache/Python/3.9.19/x64/lib/python3.9/site-packages/nbclient/client.py", line 709, in async_execute
    await self.async_execute_cell(
  File "/opt/hostedtoolcache/Python/3.9.19/x64/lib/python3.9/site-packages/nbclient/client.py", line 1062, in async_execute_cell
    await self._check_raise_for_error(cell, cell_index, exec_reply)
  File "/opt/hostedtoolcache/Python/3.9.19/x64/lib/python3.9/site-packages/nbclient/client.py", line 918, in _check_raise_for_error
    raise CellExecutionError.from_cell_and_msg(cell, exec_reply_content)
nbclient.exceptions.CellExecutionError: An error occurred while executing the following cell:
------------------
from __future__ import annotations

from functools import partial
from typing import List, Tuple
from rich.pretty import pprint
import matplotlib.pyplot as plt
import numpy as np
import seaborn as sns
import torch
from torch import nn
from torch.utils.data import DataLoader, Dataset
from tqdm.notebook import tqdm
from IPython.display import clear_output

from omnivault.transformer.config.composer import Composer
from omnivault.transformer.config.criterion import CRITERION_REGISTRY
from omnivault.transformer.config.decoder import (
    AddNormConfig,
    DecoderBlockConfig,
    DecoderConfig,
    MultiHeadedAttentionConfig,
    PositionwiseFeedForwardConfig,
)
from omnivault.transformer.config.generator import GeneratorConfig
from omnivault.transformer.config.optim import OPTIMIZER_REGISTRY
from omnivault.transformer.config.scheduler import SCHEDULER_REGISTRY
from omnivault.transformer.config.trainer import TrainerConfig
from omnivault.transformer.core.state import State
from omnivault.transformer.core.trainer import Trainer, TrainerEvent
from omnivault.transformer.decoder.core import GPTDecoder, GPTDecoderBlock
from omnivault.transformer.modules.attention.core import ScaledDotProductAttention
from omnivault.utils.reproducibility.seed import seed_all
------------------


[0;31m---------------------------------------------------------------------------[0m
[0;31mModuleNotFoundError[0m                       Traceback (most recent call last)
Cell [0;32mIn[1], line 15[0m
[1;32m     12[0m [38;5;28;01mfrom[39;00m [38;5;21;01mtqdm[39;00m[38;5;21;01m.[39;00m[38;5;21;01mnotebook[39;00m [38;5;28;01mimport[39;00m tqdm
[1;32m     13[0m [38;5;28;01mfrom[39;00m [38;5;21;01mIPython[39;00m[38;5;21;01m.[39;00m[38;5;21;01mdisplay[39;00m [38;5;28;01mimport[39;00m clear_output
[0;32m---> 15[0m [38;5;28;01mfrom[39;00m [38;5;21;01momnivault[39;00m[38;5;21;01m.[39;00m[38;5;21;01mtransformer[39;00m[38;5;21;01m.[39;00m[38;5;21;01mconfig[39;00m[38;5;21;01m.[39;00m[38;5;21;01mcomposer[39;00m [38;5;28;01mimport[39;00m Composer
[1;32m     16[0m [38;5;28;01mfrom[39;00m [38;5;21;01momnivault[39;00m[38;5;21;01m.[39;00m[38;5;21;01mtransformer[39;00m[38;5;21;01m.[39;00m[38;5;21;01mconfig[39;00m[38;5;21;01m.[39;00m[38;5;21;01mcriterion[39;00m [38;5;28;01mimport[39;00m CRITERION_REGISTRY
[1;32m     17[0m [38;5;28;01mfrom[39;00m [38;5;21;01momnivault[39;00m[38;5;21;01m.[39;00m[38;5;21;01mtransformer[39;00m[38;5;21;01m.[39;00m[38;5;21;01mconfig[39;00m[38;5;21;01m.[39;00m[38;5;21;01mdecoder[39;00m [38;5;28;01mimport[39;00m (
[1;32m     18[0m     AddNormConfig,
[1;32m     19[0m     DecoderBlockConfig,
[0;32m   (...)[0m
[1;32m     22[0m     PositionwiseFeedForwardConfig,
[1;32m     23[0m )

[0;31mModuleNotFoundError[0m: No module named 'omnivault'

