Traceback (most recent call last):
  File "/opt/hostedtoolcache/Python/3.9.18/x64/lib/python3.9/site-packages/jupyter_cache/executors/utils.py", line 58, in single_nb_execution
    executenb(
  File "/opt/hostedtoolcache/Python/3.9.18/x64/lib/python3.9/site-packages/nbclient/client.py", line 1305, in execute
    return NotebookClient(nb=nb, resources=resources, km=km, **kwargs).execute()
  File "/opt/hostedtoolcache/Python/3.9.18/x64/lib/python3.9/site-packages/jupyter_core/utils/__init__.py", line 165, in wrapped
    return loop.run_until_complete(inner)
  File "/opt/hostedtoolcache/Python/3.9.18/x64/lib/python3.9/asyncio/base_events.py", line 647, in run_until_complete
    return future.result()
  File "/opt/hostedtoolcache/Python/3.9.18/x64/lib/python3.9/site-packages/nbclient/client.py", line 705, in async_execute
    await self.async_execute_cell(
  File "/opt/hostedtoolcache/Python/3.9.18/x64/lib/python3.9/site-packages/nbclient/client.py", line 1058, in async_execute_cell
    await self._check_raise_for_error(cell, cell_index, exec_reply)
  File "/opt/hostedtoolcache/Python/3.9.18/x64/lib/python3.9/site-packages/nbclient/client.py", line 914, in _check_raise_for_error
    raise CellExecutionError.from_cell_and_msg(cell, exec_reply_content)
nbclient.exceptions.CellExecutionError: An error occurred while executing the following cell:
------------------
# now here is an estimate copy pasted from the PaLM paper
# this formula is often used to calculate MFU (model flops utilization)
def palm_flops():
    """estimate of the model flops following PaLM paper formula"""
    # non-embedding model parameters. note that we do not subtract the
    # embedding/token params because those are tied and get used in the last layer.
    N = params()['total'] - params()['emebedding/position']
    L, H, Q, T = n_layer, n_head, n_embd//n_head, block_size
    mf_per_token = 6*N + 12*L*H*Q*T
    mf = mf_per_token * block_size
    return mf

print(f"palm_flops: {palm_flops():d}, flops: {flops()['total']:d}, ratio: {palm_flops()/flops()['total']:.4f}")
------------------


[0;31m---------------------------------------------------------------------------[0m
[0;31mKeyError[0m                                  Traceback (most recent call last)
Cell [0;32mIn[12], line 13[0m
[1;32m     10[0m     mf [38;5;241m=[39m mf_per_token [38;5;241m*[39m block_size
[1;32m     11[0m     [38;5;28;01mreturn[39;00m mf
[0;32m---> 13[0m [38;5;28mprint[39m([38;5;124mf[39m[38;5;124m"[39m[38;5;124mpalm_flops: [39m[38;5;132;01m{[39;00mpalm_flops()[38;5;132;01m:[39;00m[38;5;124md[39m[38;5;132;01m}[39;00m[38;5;124m, flops: [39m[38;5;132;01m{[39;00mflops()[[38;5;124m'[39m[38;5;124mtotal[39m[38;5;124m'[39m][38;5;132;01m:[39;00m[38;5;124md[39m[38;5;132;01m}[39;00m[38;5;124m, ratio: [39m[38;5;132;01m{[39;00mpalm_flops()[38;5;241m/[39mflops()[[38;5;124m'[39m[38;5;124mtotal[39m[38;5;124m'[39m][38;5;132;01m:[39;00m[38;5;124m.4f[39m[38;5;132;01m}[39;00m[38;5;124m"[39m)

Cell [0;32mIn[12], line 7[0m, in [0;36mpalm_flops[0;34m()[0m
[1;32m      4[0m [38;5;250m[39m[38;5;124;03m"""estimate of the model flops following PaLM paper formula"""[39;00m
[1;32m      5[0m [38;5;66;03m# non-embedding model parameters. note that we do not subtract the[39;00m
[1;32m      6[0m [38;5;66;03m# embedding/token params because those are tied and get used in the last layer.[39;00m
[0;32m----> 7[0m N [38;5;241m=[39m params()[[38;5;124m'[39m[38;5;124mtotal[39m[38;5;124m'[39m] [38;5;241m-[39m [43mparams[49m[43m([49m[43m)[49m[43m[[49m[38;5;124;43m'[39;49m[38;5;124;43memebedding/position[39;49m[38;5;124;43m'[39;49m[43m][49m
[1;32m      8[0m L, H, Q, T [38;5;241m=[39m n_layer, n_head, n_embd[38;5;241m/[39m[38;5;241m/[39mn_head, block_size
[1;32m      9[0m mf_per_token [38;5;241m=[39m [38;5;241m6[39m[38;5;241m*[39mN [38;5;241m+[39m [38;5;241m12[39m[38;5;241m*[39mL[38;5;241m*[39mH[38;5;241m*[39mQ[38;5;241m*[39mT

[0;31mKeyError[0m: 'emebedding/position'

